<?xml version="1.0" encoding="utf-8"?><testsuites name="pytest tests"><testsuite name="pytest" errors="0" failures="0" skipped="0" tests="98" time="22.716" timestamp="2026-01-20T02:56:59.601238+01:00" hostname="Anihilator"><testcase classname="tests.test_cli" name="test_init_creates_file" time="0.286" /><testcase classname="tests.test_cli" name="test_init_overwrite_prompt" time="0.309" /><testcase classname="tests.test_cli" name="test_add_entry" time="0.554" /><testcase classname="tests.test_cli" name="test_add_entry_handles_value_error" time="0.178" /><testcase classname="tests.test_cli" name="test_list_entries" time="0.881" /><testcase classname="tests.test_cli" name="test_show_entry" time="0.563" /><testcase classname="tests.test_cli" name="test_show_entry_with_password" time="0.502" /><testcase classname="tests.test_cli" name="test_show_nonexistent_entry" time="0.301" /><testcase classname="tests.test_cli" name="test_add_entry_password_confirmation_success" time="0.426" /><testcase classname="tests.test_cli" name="test_add_entry_password_confirmation_retry" time="0.503" /><testcase classname="tests.test_cli" name="test_remove_entry" time="0.921" /><testcase classname="tests.test_cli" name="test_remove_entry_handles_value_error" time="0.359" /><testcase classname="tests.test_cli" name="test_remove_nonexistent_entry" time="0.249" /><testcase classname="tests.test_cli" name="test_remove_entry_with_short_numeric_id" time="0.716" /><testcase classname="tests.test_cli" name="test_init_empty_password_rejected" time="0.133" /><testcase classname="tests.test_cli" name="test_add_empty_service_rejected" time="0.392" /><testcase classname="tests.test_cli" name="test_add_empty_username_rejected" time="0.436" /><testcase classname="tests.test_cli" name="test_add_empty_password_rejected" time="0.362" /><testcase classname="tests.test_cli" name="test_init_password_confirmation_mismatch" time="0.010" /><testcase classname="tests.test_cli" name="test_add_with_wrong_master_password" time="0.552" /><testcase classname="tests.test_cli" name="test_show_with_wrong_master_password" time="0.690" /><testcase classname="tests.test_cli" name="test_remove_with_wrong_master_password" time="0.406" /><testcase classname="tests.test_cli" name="test_list_with_corrupted_vault_file" time="0.137" /><testcase classname="tests.test_cli" name="test_list_nonexistent_vault_file" time="0.003" /><testcase classname="tests.test_cli" name="test_init_rejects_empty_password" time="0.140" /><testcase classname="tests.test_cli" name="test_init_rejects_whitespace_password" time="0.134" /><testcase classname="tests.test_cli" name="test_init_rejects_weak_password" time="0.143" /><testcase classname="tests.test_cli" name="test_init_shows_feedback_for_weak_password" time="0.142" /><testcase classname="tests.test_cli" name="test_init_accepts_strong_password" time="0.138" /><testcase classname="tests.test_cli" name="test_init_handles_value_error" time="0.011" /><testcase classname="tests.test_cli" name="test_cli_shows_version_when_no_args" time="0.005" /><testcase classname="tests.test_cli" name="test_add_entry_assigns_numeric_id" time="0.398" /><testcase classname="tests.test_cli" name="test_add_entry_with_custom_id" time="0.370" /><testcase classname="tests.test_cli" name="test_add_entry_with_conflicting_custom_id" time="0.554" /><testcase classname="tests.test_cli" name="test_add_entry_with_custom_non_numeric_id" time="0.590" /><testcase classname="tests.test_cli" name="test_add_entry_with_non_numeric_then_auto_id" time="0.837" /><testcase classname="tests.test_cli" name="test_show_entry_with_numeric_id" time="0.643" /><testcase classname="tests.test_cli" name="test_show_entry_with_nonexistent_numeric_id" time="0.284" /><testcase classname="tests.test_cli" name="test_remove_entry_with_numeric_id_success" time="0.809" /><testcase classname="tests.test_cli" name="test_remove_entry_with_nonexistent_numeric_id_fails" time="0.254" /><testcase classname="tests.test_cli" name="test_edit_entry_with_defaults" time="1.051" /><testcase classname="tests.test_cli" name="test_edit_entry" time="0.822" /><testcase classname="tests.test_cli" name="test_edit_entry_with_nonexistent_short_id" time="0.295" /><testcase classname="tests.test_prompts" name="test_prompt_required_field_success" time="0.001" /><testcase classname="tests.test_prompts" name="test_prompt_required_field_empty_then_success" time="0.002" /><testcase classname="tests.test_vault" name="test_add_entry" time="0.001" /><testcase classname="tests.test_vault" name="test_remove_entry_by_id_success" time="0.001" /><testcase classname="tests.test_vault" name="test_remove_entry_by_id_not_found" time="0.003" /><testcase classname="tests.test_vault" name="test_remove_entry_service" time="0.001" /><testcase classname="tests.test_vault" name="test_vault_from_dict_missing_tags" time="0.001" /><testcase classname="tests.test_vault" name="test_vault_from_dict_missing_notes" time="0.001" /><testcase classname="tests.test_vault" name="test_vault_from_dict_invalid_timestamp" time="0.002" /><testcase classname="tests.test_vault" name="test_vault_operations_with_empty_tags" time="0.001" /><testcase classname="tests.test_vault" name="test_remove_entry_nonexistent_service_does_not_change_entries" time="0.001" /><testcase classname="tests.test_vault" name="test_remove_entry_removes_all_matching_services" time="0.001" /><testcase classname="tests.test_vault" name="test_vault_from_dict_tags_not_list" time="0.002" /><testcase classname="tests.test_vault" name="test_vault_from_dict_missing_next_id_computes_from_entries" time="0.001" /><testcase classname="tests.test_vault" name="test_vault_from_dict_invalid_next_id_falls_back_to_computed" time="0.001" /><testcase classname="tests.test_vault" name="test_vault_from_dict_negative_next_id_normalized" time="0.001" /><testcase classname="tests.test_vault" name="test_compute_next_id_with_only_non_numeric_ids" time="0.001" /><testcase classname="tests.test_vault" name="test_compute_next_id_with_mixed_ids" time="0.001" /><testcase classname="tests.test_vault" name="test_compute_next_id_with_empty_entries" time="0.001" /><testcase classname="tests.test_vault" name="test_vault_from_dict_non_utc_timezone" time="0.002" /><testcase classname="tests.test_vault" name="test_edit_entry_updates_timestamps" time="0.012" /><testcase classname="tests.test_vault" name="test_add_entry_assigns_sequential_ids" time="0.002" /><testcase classname="tests.test_vault" name="test_add_entry_custom_numeric_id_updates_next_id" time="0.001" /><testcase classname="tests.test_vault" name="test_add_entry_custom_non_numeric_id_leaves_next_id_unchanged" time="0.002" /><testcase classname="tests.test_vault" name="test_add_entry_duplicate_id_raises_value_error" time="0.001" /><testcase classname="tests.test_vault_crypto" name="test_derive_key" time="0.591" /><testcase classname="tests.test_vault_crypto" name="test_encrypt_decrypt" time="0.002" /><testcase classname="tests.test_vault_crypto" name="test_encrypt_decrypt_roundtrip" time="0.441" /><testcase classname="tests.test_vault_crypto" name="test_encrypted_repository_save_without_password_raises_error" time="0.012" /><testcase classname="tests.test_vault_crypto" name="test_encrypted_repository_load_without_password_raises_error" time="0.146" /><testcase classname="tests.test_vault_crypto" name="test_encrypted_repository_decrypt_value_error" time="0.251" /><testcase classname="tests.test_vault_crypto" name="test_encrypted_repository_decrypt_type_error" time="0.262" /><testcase classname="tests.test_vault_crypto" name="test_encrypted_repository_decrypt_exception" time="0.267" /><testcase classname="tests.test_vault_crypto" name="test_plaintext_repository_save_load" time="0.013" /><testcase classname="tests.test_vault_crypto" name="test_encrypted_repository_wrong_password" time="0.271" /><testcase classname="tests.test_vault_crypto" name="test_encrypted_repository_corrupted_ciphertext" time="0.131" /><testcase classname="tests.test_vault_crypto" name="test_vault_service_create_load" time="0.277" /><testcase classname="tests.test_vault_crypto" name="test_vault_service_add_entry" time="0.131" /><testcase classname="tests.test_vault_crypto" name="test_vault_list_entries" time="0.001" /><testcase classname="tests.test_vault_crypto" name="test_vault_remove_entry" time="0.001" /><testcase classname="tests.test_vault_crypto" name="test_plaintext_repository_file_not_found" time="0.003" /><testcase classname="tests.test_vault_crypto" name="test_plaintext_repository_invalid_json" time="0.004" /><testcase classname="tests.test_vault_crypto" name="test_plaintext_repository_missing_fields" time="0.006" /><testcase classname="tests.test_vault_crypto" name="test_encrypted_repository_file_not_found" time="0.002" /><testcase classname="tests.test_vault_crypto" name="test_encrypted_repository_invalid_json" time="0.004" /><testcase classname="tests.test_vault_crypto" name="test_encrypted_repository_missing_fields" time="0.005" /><testcase classname="tests.test_vault_crypto" name="test_encrypted_repository_invalid_decrypted_json" time="0.267" /><testcase classname="tests.test_vault_crypto" name="test_plaintext_repository_invalid_datetime" time="0.005" /><testcase classname="tests.test_vault_crypto" name="test_encrypted_repository_invalid_datetime" time="0.287" /><testcase classname="tests.test_vault_crypto" name="test_encrypted_repository_incorrect_password_vs_corrupted" time="0.295" /><testcase classname="tests.test_vault_crypto" name="test_encrypted_repository_success_with_correct_password" time="0.268" /><testcase classname="tests.test_vault_crypto" name="test_corrupted_vault_missing_fields" time="0.005" /><testcase classname="tests.test_vault_crypto" name="test_corrupted_vault_invalid_base64" time="0.004" /><testcase classname="tests.test_vault_models" name="test_add_entry_updates_metadata" time="0.002" /><testcase classname="tests.test_vault_models" name="test_vault_entry_create_defaults" time="0.001" /></testsuite></testsuites>