<?xml version="1.0" encoding="utf-8"?><testsuites name="pytest tests"><testsuite name="pytest" errors="0" failures="0" skipped="0" tests="114" time="18.670" timestamp="2026-01-26T15:26:09.074502+01:00" hostname="Anihilator"><testcase classname="tests.test_cli" name="test_init_creates_file" time="0.160" /><testcase classname="tests.test_cli" name="test_init_overwrite_prompt" time="0.134" /><testcase classname="tests.test_cli" name="test_add_entry" time="0.393" /><testcase classname="tests.test_cli" name="test_add_entry_handles_value_error" time="0.119" /><testcase classname="tests.test_cli" name="test_list_entries" time="0.758" /><testcase classname="tests.test_cli" name="test_show_entry" time="0.520" /><testcase classname="tests.test_cli" name="test_show_entry_with_password" time="0.534" /><testcase classname="tests.test_cli" name="test_show_nonexistent_entry" time="0.243" /><testcase classname="tests.test_cli" name="test_add_entry_password_confirmation_success" time="0.351" /><testcase classname="tests.test_cli" name="test_add_entry_password_confirmation_retry" time="0.365" /><testcase classname="tests.test_cli" name="test_remove_entry" time="0.705" /><testcase classname="tests.test_cli" name="test_remove_entry_handles_value_error" time="0.341" /><testcase classname="tests.test_cli" name="test_remove_nonexistent_entry" time="0.220" /><testcase classname="tests.test_cli" name="test_remove_entry_with_short_numeric_id" time="0.696" /><testcase classname="tests.test_cli" name="test_init_empty_password_rejected" time="0.108" /><testcase classname="tests.test_cli" name="test_add_empty_service_rejected" time="0.348" /><testcase classname="tests.test_cli" name="test_add_empty_username_rejected" time="0.329" /><testcase classname="tests.test_cli" name="test_add_empty_password_rejected" time="0.310" /><testcase classname="tests.test_cli" name="test_init_password_confirmation_mismatch" time="0.014" /><testcase classname="tests.test_cli" name="test_add_with_wrong_master_password" time="0.438" /><testcase classname="tests.test_cli" name="test_show_with_wrong_master_password" time="0.424" /><testcase classname="tests.test_cli" name="test_remove_with_wrong_master_password" time="0.419" /><testcase classname="tests.test_cli" name="test_list_with_corrupted_vault_file" time="0.107" /><testcase classname="tests.test_cli" name="test_list_nonexistent_vault_file" time="0.003" /><testcase classname="tests.test_cli" name="test_init_rejects_empty_password" time="0.107" /><testcase classname="tests.test_cli" name="test_init_rejects_whitespace_password" time="0.111" /><testcase classname="tests.test_cli" name="test_init_rejects_weak_password" time="0.117" /><testcase classname="tests.test_cli" name="test_init_shows_feedback_for_weak_password" time="0.105" /><testcase classname="tests.test_cli" name="test_init_accepts_strong_password" time="0.105" /><testcase classname="tests.test_cli" name="test_init_handles_value_error" time="0.011" /><testcase classname="tests.test_cli" name="test_cli_shows_version_when_no_args" time="0.003" /><testcase classname="tests.test_cli" name="test_add_entry_assigns_numeric_id" time="0.326" /><testcase classname="tests.test_cli" name="test_add_entry_with_custom_id" time="0.320" /><testcase classname="tests.test_cli" name="test_add_entry_with_empty_id" time="0.309" /><testcase classname="tests.test_cli" name="test_add_entry_with_conflicting_custom_id" time="0.414" /><testcase classname="tests.test_cli" name="test_add_entry_with_custom_non_numeric_id" time="0.540" /><testcase classname="tests.test_cli" name="test_add_entry_with_non_numeric_then_auto_id" time="0.522" /><testcase classname="tests.test_cli" name="test_show_entry_with_numeric_id" time="0.436" /><testcase classname="tests.test_cli" name="test_show_entry_with_nonexistent_numeric_id" time="0.212" /><testcase classname="tests.test_cli" name="test_hibp_check_success_zero" time="0.003" /><testcase classname="tests.test_cli" name="test_hibp_check_success_pwned" time="0.002" /><testcase classname="tests.test_cli" name="test_hibp_check_cancelled" time="0.003" /><testcase classname="tests.test_cli" name="test_hibp_check_network_error" time="0.002" /><testcase classname="tests.test_cli" name="test_hibp_check_unexpected_error" time="0.002" /><testcase classname="tests.test_cli" name="test_remove_entry_with_numeric_id_success" time="0.642" /><testcase classname="tests.test_cli" name="test_remove_entry_with_nonexistent_numeric_id_fails" time="0.212" /><testcase classname="tests.test_cli" name="test_edit_entry_with_defaults" time="0.836" /><testcase classname="tests.test_cli" name="test_edit_entry" time="0.629" /><testcase classname="tests.test_cli" name="test_edit_entry_with_nonexistent_short_id" time="0.238" /><testcase classname="tests.test_hibp" name="test_sha1_prefix" time="0.001" /><testcase classname="tests.test_hibp" name="test_check_pwned_password_found" time="0.002" /><testcase classname="tests.test_hibp" name="test_check_pwned_password_not_found" time="0.002" /><testcase classname="tests.test_hibp" name="test_check_pwned_password_network_error" time="0.002" /><testcase classname="tests.test_hibp" name="test_check_pwned_password_timeout" time="0.002" /><testcase classname="tests.test_prompts" name="test_prompt_required_field_success" time="0.002" /><testcase classname="tests.test_prompts" name="test_prompt_required_field_empty_then_success" time="0.003" /><testcase classname="tests.test_prompts" name="test_prompt_required_field_normalizes_whitespace" time="0.001" /><testcase classname="tests.test_prompts" name="test_prompt_required_field_reprompts_on_empty_input" time="0.001" /><testcase classname="tests.test_prompts" name="test_prompt_required_field_handles_cancel" time="0.001" /><testcase classname="tests.test_vault" name="test_add_entry" time="0.001" /><testcase classname="tests.test_vault" name="test_remove_entry_by_id_success" time="0.001" /><testcase classname="tests.test_vault" name="test_remove_entry_by_id_not_found" time="0.003" /><testcase classname="tests.test_vault" name="test_remove_entry_service" time="0.001" /><testcase classname="tests.test_vault" name="test_vault_from_dict_missing_tags" time="0.001" /><testcase classname="tests.test_vault" name="test_vault_from_dict_missing_notes" time="0.001" /><testcase classname="tests.test_vault" name="test_vault_from_dict_invalid_timestamp" time="0.003" /><testcase classname="tests.test_vault" name="test_vault_operations_with_empty_tags" time="0.001" /><testcase classname="tests.test_vault" name="test_remove_entry_nonexistent_service_does_not_change_entries" time="0.001" /><testcase classname="tests.test_vault" name="test_remove_entry_removes_all_matching_services" time="0.001" /><testcase classname="tests.test_vault" name="test_vault_from_dict_tags_not_list" time="0.002" /><testcase classname="tests.test_vault" name="test_vault_from_dict_missing_next_id_computes_from_entries" time="0.001" /><testcase classname="tests.test_vault" name="test_vault_from_dict_invalid_next_id_falls_back_to_computed" time="0.001" /><testcase classname="tests.test_vault" name="test_vault_from_dict_negative_next_id_normalized" time="0.001" /><testcase classname="tests.test_vault" name="test_compute_next_id_with_only_non_numeric_ids" time="0.001" /><testcase classname="tests.test_vault" name="test_compute_next_id_with_mixed_ids" time="0.001" /><testcase classname="tests.test_vault" name="test_compute_next_id_with_empty_entries" time="0.001" /><testcase classname="tests.test_vault" name="test_vault_from_dict_non_utc_timezone" time="0.002" /><testcase classname="tests.test_vault" name="test_edit_entry_updates_timestamps" time="0.014" /><testcase classname="tests.test_vault" name="test_edit_entry_with_notes" time="0.003" /><testcase classname="tests.test_vault" name="test_edit_entry_not_found" time="0.002" /><testcase classname="tests.test_vault" name="test_add_entry_assigns_sequential_ids" time="0.002" /><testcase classname="tests.test_vault" name="test_add_entry_custom_numeric_id_updates_next_id" time="0.002" /><testcase classname="tests.test_vault" name="test_add_entry_custom_non_numeric_id_leaves_next_id_unchanged" time="0.002" /><testcase classname="tests.test_vault" name="test_add_entry_duplicate_id_raises_value_error" time="0.001" /><testcase classname="tests.test_vault_crypto" name="test_derive_key" time="0.298" /><testcase classname="tests.test_vault_crypto" name="test_encrypt_decrypt" time="0.001" /><testcase classname="tests.test_vault_crypto" name="test_encrypt_decrypt_roundtrip" time="0.205" /><testcase classname="tests.test_vault_crypto" name="test_encrypted_repository_save_without_password_raises_error" time="0.006" /><testcase classname="tests.test_vault_crypto" name="test_encrypted_repository_load_without_password_raises_error" time="0.101" /><testcase classname="tests.test_vault_crypto" name="test_encrypted_repository_decrypt_value_error" time="0.209" /><testcase classname="tests.test_vault_crypto" name="test_encrypted_repository_decrypt_type_error" time="0.227" /><testcase classname="tests.test_vault_crypto" name="test_encrypted_repository_decrypt_exception" time="0.286" /><testcase classname="tests.test_vault_crypto" name="test_plaintext_repository_save_load" time="0.023" /><testcase classname="tests.test_vault_crypto" name="test_encrypted_repository_wrong_password" time="0.224" /><testcase classname="tests.test_vault_crypto" name="test_encrypted_repository_corrupted_ciphertext" time="0.115" /><testcase classname="tests.test_vault_crypto" name="test_vault_service_create_load" time="0.218" /><testcase classname="tests.test_vault_crypto" name="test_vault_service_add_entry" time="0.111" /><testcase classname="tests.test_vault_crypto" name="test_vault_list_entries" time="0.001" /><testcase classname="tests.test_vault_crypto" name="test_vault_remove_entry" time="0.001" /><testcase classname="tests.test_vault_crypto" name="test_plaintext_repository_file_not_found" time="0.004" /><testcase classname="tests.test_vault_crypto" name="test_plaintext_repository_invalid_json" time="0.011" /><testcase classname="tests.test_vault_crypto" name="test_plaintext_repository_missing_fields" time="0.013" /><testcase classname="tests.test_vault_crypto" name="test_encrypted_repository_file_not_found" time="0.003" /><testcase classname="tests.test_vault_crypto" name="test_encrypted_repository_invalid_json" time="0.006" /><testcase classname="tests.test_vault_crypto" name="test_encrypted_repository_missing_fields" time="0.012" /><testcase classname="tests.test_vault_crypto" name="test_encrypted_repository_invalid_decrypted_json" time="0.210" /><testcase classname="tests.test_vault_crypto" name="test_plaintext_repository_invalid_datetime" time="0.013" /><testcase classname="tests.test_vault_crypto" name="test_encrypted_repository_invalid_datetime" time="0.209" /><testcase classname="tests.test_vault_crypto" name="test_encrypted_repository_incorrect_password_vs_corrupted" time="0.215" /><testcase classname="tests.test_vault_crypto" name="test_encrypted_repository_success_with_correct_password" time="0.214" /><testcase classname="tests.test_vault_crypto" name="test_corrupted_vault_missing_fields" time="0.012" /><testcase classname="tests.test_vault_crypto" name="test_corrupted_vault_invalid_base64" time="0.015" /><testcase classname="tests.test_vault_models" name="test_add_entry_updates_metadata" time="0.003" /><testcase classname="tests.test_vault_models" name="test_vault_entry_create_defaults" time="0.002" /></testsuite></testsuites>